2012-03-13 16:59:28,838 - KindFileResourceLoader : file loader failed to load: VM_global_library.vm
2012-03-13 16:59:28,838 - KindFileResourceLoader : classpath loader failed to load: VM_global_library.vm
2012-03-13 16:59:28,838 - KindFileResourceLoader : file loader failed to load: VM_global_library.vm
2012-03-13 16:59:28,838 - KindFileResourceLoader : classpath loader failed to load: VM_global_library.vm
2012-03-13 17:12:05,229 - KindFileResourceLoader : file loader failed to load: VM_global_library.vm
2012-03-13 17:12:05,229 - KindFileResourceLoader : classpath loader failed to load: VM_global_library.vm
2012-03-13 17:12:05,229 - KindFileResourceLoader : file loader failed to load: VM_global_library.vm
2012-03-13 17:12:05,229 - KindFileResourceLoader : classpath loader failed to load: VM_global_library.vm
2012-03-13 17:12:57,113 - KindFileResourceLoader : file loader failed to load: VM_global_library.vm
2012-03-13 17:12:57,113 - KindFileResourceLoader : classpath loader failed to load: VM_global_library.vm
2012-03-13 17:12:57,113 - KindFileResourceLoader : file loader failed to load: VM_global_library.vm
2012-03-13 17:12:57,113 - KindFileResourceLoader : classpath loader failed to load: VM_global_library.vm
2012-03-13 17:13:40,624 - KindFileResourceLoader : file loader failed to load: VM_global_library.vm
2012-03-13 17:13:40,624 - KindFileResourceLoader : classpath loader failed to load: VM_global_library.vm
2012-03-13 17:13:40,624 - KindFileResourceLoader : file loader failed to load: VM_global_library.vm
2012-03-13 17:13:40,624 - KindFileResourceLoader : classpath loader failed to load: VM_global_library.vm
2012-03-13 17:15:45,254 - KindFileResourceLoader : file loader failed to load: VM_global_library.vm
2012-03-13 17:15:45,254 - KindFileResourceLoader : classpath loader failed to load: VM_global_library.vm
2012-03-13 17:15:45,254 - KindFileResourceLoader : file loader failed to load: VM_global_library.vm
2012-03-13 17:15:45,254 - KindFileResourceLoader : classpath loader failed to load: VM_global_library.vm
2012-03-13 17:16:47,946 - KindFileResourceLoader : file loader failed to load: VM_global_library.vm
2012-03-13 17:16:47,946 - KindFileResourceLoader : classpath loader failed to load: VM_global_library.vm
2012-03-13 17:16:47,946 - KindFileResourceLoader : file loader failed to load: VM_global_library.vm
2012-03-13 17:16:47,946 - KindFileResourceLoader : classpath loader failed to load: VM_global_library.vm
2012-03-13 17:18:25,148 - KindFileResourceLoader : file loader failed to load: VM_global_library.vm
2012-03-13 17:18:25,148 - KindFileResourceLoader : classpath loader failed to load: VM_global_library.vm
2012-03-13 17:18:25,148 - KindFileResourceLoader : file loader failed to load: VM_global_library.vm
2012-03-13 17:18:25,148 - KindFileResourceLoader : classpath loader failed to load: VM_global_library.vm
2012-03-13 21:22:31,171 - KindFileResourceLoader : file loader failed to load: VM_global_library.vm
2012-03-13 21:22:31,187 - KindFileResourceLoader : classpath loader failed to load: VM_global_library.vm
2012-03-13 21:22:31,187 - KindFileResourceLoader : file loader failed to load: VM_global_library.vm
2012-03-13 21:22:31,187 - KindFileResourceLoader : classpath loader failed to load: VM_global_library.vm
2012-03-13 22:08:46,070 - KindFileResourceLoader : file loader failed to load: VM_global_library.vm
2012-03-13 22:08:46,070 - KindFileResourceLoader : classpath loader failed to load: VM_global_library.vm
2012-03-13 22:08:46,070 - KindFileResourceLoader : file loader failed to load: VM_global_library.vm
2012-03-13 22:08:46,070 - KindFileResourceLoader : classpath loader failed to load: VM_global_library.vm
2012-03-13 22:12:26,953 - KindFileResourceLoader : file loader failed to load: VM_global_library.vm
2012-03-13 22:12:26,953 - KindFileResourceLoader : classpath loader failed to load: VM_global_library.vm
2012-03-13 22:12:26,953 - KindFileResourceLoader : file loader failed to load: VM_global_library.vm
2012-03-13 22:12:26,953 - KindFileResourceLoader : classpath loader failed to load: VM_global_library.vm
2012-03-13 22:48:07,393 - KindFileResourceLoader : file loader failed to load: VM_global_library.vm
2012-03-13 22:48:07,393 - KindFileResourceLoader : classpath loader failed to load: VM_global_library.vm
2012-03-13 22:48:07,393 - KindFileResourceLoader : file loader failed to load: VM_global_library.vm
2012-03-13 22:48:07,393 - KindFileResourceLoader : classpath loader failed to load: VM_global_library.vm
2012-03-13 22:56:21,058 - KindFileResourceLoader : file loader failed to load: VM_global_library.vm
2012-03-13 22:56:21,058 - KindFileResourceLoader : classpath loader failed to load: VM_global_library.vm
2012-03-13 22:56:21,058 - KindFileResourceLoader : file loader failed to load: VM_global_library.vm
2012-03-13 22:56:21,058 - KindFileResourceLoader : classpath loader failed to load: VM_global_library.vm
2012-03-13 23:28:02,358 - KindFileResourceLoader : file loader failed to load: VM_global_library.vm
2012-03-13 23:28:02,358 - KindFileResourceLoader : classpath loader failed to load: VM_global_library.vm
2012-03-13 23:28:02,373 - KindFileResourceLoader : file loader failed to load: VM_global_library.vm
2012-03-13 23:28:02,373 - KindFileResourceLoader : classpath loader failed to load: VM_global_library.vm
2012-03-13 23:33:25,135 - KindFileResourceLoader : file loader failed to load: VM_global_library.vm
2012-03-13 23:33:25,135 - KindFileResourceLoader : classpath loader failed to load: VM_global_library.vm
2012-03-13 23:33:25,135 - KindFileResourceLoader : file loader failed to load: VM_global_library.vm
2012-03-13 23:33:25,135 - KindFileResourceLoader : classpath loader failed to load: VM_global_library.vm
2012-03-14 15:22:11,644 - KindFileResourceLoader : file loader failed to load: VM_global_library.vm
2012-03-14 15:22:11,660 - KindFileResourceLoader : classpath loader failed to load: VM_global_library.vm
2012-03-14 15:22:11,675 - KindFileResourceLoader : file loader failed to load: VM_global_library.vm
2012-03-14 15:22:11,675 - KindFileResourceLoader : classpath loader failed to load: VM_global_library.vm
2012-03-14 19:23:27,387 - KindFileResourceLoader : file loader failed to load: VM_global_library.vm
2012-03-14 19:23:27,387 - KindFileResourceLoader : classpath loader failed to load: VM_global_library.vm
2012-03-14 19:23:27,387 - KindFileResourceLoader : file loader failed to load: VM_global_library.vm
2012-03-14 19:23:27,387 - KindFileResourceLoader : classpath loader failed to load: VM_global_library.vm
2012-03-14 19:25:20,335 - ResourceManager : unable to find resource 'ServiceImpl.vm' in any resource loader.
2012-03-14 19:27:50,065 - KindFileResourceLoader : file loader failed to load: VM_global_library.vm
2012-03-14 19:27:50,080 - KindFileResourceLoader : classpath loader failed to load: VM_global_library.vm
2012-03-14 19:27:50,159 - KindFileResourceLoader : file loader failed to load: VM_global_library.vm
2012-03-14 19:27:50,159 - KindFileResourceLoader : classpath loader failed to load: VM_global_library.vm
2012-03-17 11:14:10,367 - KindFileResourceLoader : file loader failed to load: VM_global_library.vm
2012-03-17 11:14:10,367 - KindFileResourceLoader : classpath loader failed to load: VM_global_library.vm
2012-03-17 11:14:10,367 - KindFileResourceLoader : file loader failed to load: VM_global_library.vm
2012-03-17 11:14:10,367 - KindFileResourceLoader : classpath loader failed to load: VM_global_library.vm
2012-03-17 12:22:06,374 - KindFileResourceLoader : file loader failed to load: VM_global_library.vm
2012-03-17 12:22:06,374 - KindFileResourceLoader : classpath loader failed to load: VM_global_library.vm
2012-03-17 12:22:06,374 - KindFileResourceLoader : file loader failed to load: VM_global_library.vm
2012-03-17 12:22:06,374 - KindFileResourceLoader : classpath loader failed to load: VM_global_library.vm
2012-03-18 13:34:57,557 - KindFileResourceLoader : file loader failed to load: VM_global_library.vm
2012-03-18 13:34:57,557 - KindFileResourceLoader : classpath loader failed to load: VM_global_library.vm
2012-03-18 13:34:57,572 - KindFileResourceLoader : file loader failed to load: VM_global_library.vm
2012-03-18 13:34:57,572 - KindFileResourceLoader : classpath loader failed to load: VM_global_library.vm
2012-03-18 15:09:38,073 - Parser Exception: JspList.vm
org.apache.velocity.runtime.parser.ParseException: Encountered "." at line 60, column 86.
Was expecting one of:
    "}" ...
    <DOT> ...
    
	at org.apache.velocity.runtime.parser.Parser.generateParseException(Parser.java:3441)
	at org.apache.velocity.runtime.parser.Parser.jj_consume_token(Parser.java:3318)
	at org.apache.velocity.runtime.parser.Parser.Reference(Parser.java:1363)
	at org.apache.velocity.runtime.parser.Parser.Statement(Parser.java:354)
	at org.apache.velocity.runtime.parser.Parser.process(Parser.java:311)
	at org.apache.velocity.runtime.parser.Parser.parse(Parser.java:105)
	at org.apache.velocity.runtime.RuntimeInstance.parse(RuntimeInstance.java:1131)
	at org.apache.velocity.runtime.RuntimeInstance.parse(RuntimeInstance.java:1086)
	at org.apache.velocity.Template.process(Template.java:124)
	at org.apache.velocity.runtime.resource.ResourceManagerImpl.loadResource(ResourceManagerImpl.java:446)
	at org.apache.velocity.runtime.resource.ResourceManagerImpl.getResource(ResourceManagerImpl.java:354)
	at org.apache.velocity.runtime.RuntimeInstance.getTemplate(RuntimeInstance.java:1400)
	at org.apache.velocity.runtime.RuntimeSingleton.getTemplate(RuntimeSingleton.java:326)
	at org.apache.velocity.app.Velocity.getTemplate(Velocity.java:404)
	at org.ganjp.extend.ant.BaseGenCodeTask.setTemplate(BaseGenCodeTask.java:162)
	at org.ganjp.extend.ant.BaseGenCodeTask.execute(BaseGenCodeTask.java:68)
	at sun.reflect.NativeMethodAccessorImpl.invoke0(Native Method)
	at sun.reflect.NativeMethodAccessorImpl.invoke(NativeMethodAccessorImpl.java:57)
	at sun.reflect.DelegatingMethodAccessorImpl.invoke(DelegatingMethodAccessorImpl.java:43)
	at java.lang.reflect.Method.invoke(Method.java:601)
	at org.apache.tools.ant.dispatch.DispatchUtils.execute(DispatchUtils.java:106)
	at org.apache.tools.ant.TaskAdapter.execute(TaskAdapter.java:154)
	at org.apache.tools.ant.UnknownElement.execute(UnknownElement.java:291)
	at sun.reflect.GeneratedMethodAccessor4.invoke(Unknown Source)
	at sun.reflect.DelegatingMethodAccessorImpl.invoke(DelegatingMethodAccessorImpl.java:43)
	at java.lang.reflect.Method.invoke(Method.java:601)
	at org.apache.tools.ant.dispatch.DispatchUtils.execute(DispatchUtils.java:106)
	at org.apache.tools.ant.Task.perform(Task.java:348)
	at org.apache.tools.ant.Target.execute(Target.java:390)
	at org.apache.tools.ant.Target.performTasks(Target.java:411)
	at org.apache.tools.ant.Project.executeSortedTargets(Project.java:1399)
	at org.apache.tools.ant.Project.executeTarget(Project.java:1368)
	at org.apache.tools.ant.helper.DefaultExecutor.executeTargets(DefaultExecutor.java:41)
	at org.eclipse.ant.internal.launching.remote.EclipseDefaultExecutor.executeTargets(EclipseDefaultExecutor.java:32)
	at org.apache.tools.ant.Project.executeTargets(Project.java:1251)
	at org.eclipse.ant.internal.launching.remote.InternalAntRunner.run(InternalAntRunner.java:424)
	at org.eclipse.ant.internal.launching.remote.InternalAntRunner.main(InternalAntRunner.java:138)
2012-03-18 15:09:38,073 - ResourceManager.getResource() parse exception
org.apache.velocity.exception.ParseErrorException: Encountered "." at JspList.vm[line 60, column 86]
Was expecting one of:
    "}" ...
    <DOT> ...
    
	at org.apache.velocity.Template.process(Template.java:141)
	at org.apache.velocity.runtime.resource.ResourceManagerImpl.loadResource(ResourceManagerImpl.java:446)
	at org.apache.velocity.runtime.resource.ResourceManagerImpl.getResource(ResourceManagerImpl.java:354)
	at org.apache.velocity.runtime.RuntimeInstance.getTemplate(RuntimeInstance.java:1400)
	at org.apache.velocity.runtime.RuntimeSingleton.getTemplate(RuntimeSingleton.java:326)
	at org.apache.velocity.app.Velocity.getTemplate(Velocity.java:404)
	at org.ganjp.extend.ant.BaseGenCodeTask.setTemplate(BaseGenCodeTask.java:162)
	at org.ganjp.extend.ant.BaseGenCodeTask.execute(BaseGenCodeTask.java:68)
	at sun.reflect.NativeMethodAccessorImpl.invoke0(Native Method)
	at sun.reflect.NativeMethodAccessorImpl.invoke(NativeMethodAccessorImpl.java:57)
	at sun.reflect.DelegatingMethodAccessorImpl.invoke(DelegatingMethodAccessorImpl.java:43)
	at java.lang.reflect.Method.invoke(Method.java:601)
	at org.apache.tools.ant.dispatch.DispatchUtils.execute(DispatchUtils.java:106)
	at org.apache.tools.ant.TaskAdapter.execute(TaskAdapter.java:154)
	at org.apache.tools.ant.UnknownElement.execute(UnknownElement.java:291)
	at sun.reflect.GeneratedMethodAccessor4.invoke(Unknown Source)
	at sun.reflect.DelegatingMethodAccessorImpl.invoke(DelegatingMethodAccessorImpl.java:43)
	at java.lang.reflect.Method.invoke(Method.java:601)
	at org.apache.tools.ant.dispatch.DispatchUtils.execute(DispatchUtils.java:106)
	at org.apache.tools.ant.Task.perform(Task.java:348)
	at org.apache.tools.ant.Target.execute(Target.java:390)
	at org.apache.tools.ant.Target.performTasks(Target.java:411)
	at org.apache.tools.ant.Project.executeSortedTargets(Project.java:1399)
	at org.apache.tools.ant.Project.executeTarget(Project.java:1368)
	at org.apache.tools.ant.helper.DefaultExecutor.executeTargets(DefaultExecutor.java:41)
	at org.eclipse.ant.internal.launching.remote.EclipseDefaultExecutor.executeTargets(EclipseDefaultExecutor.java:32)
	at org.apache.tools.ant.Project.executeTargets(Project.java:1251)
	at org.eclipse.ant.internal.launching.remote.InternalAntRunner.run(InternalAntRunner.java:424)
	at org.eclipse.ant.internal.launching.remote.InternalAntRunner.main(InternalAntRunner.java:138)
2012-03-18 15:13:16,206 - Parser Exception: JspList.vm
org.apache.velocity.runtime.parser.ParseException: Encountered "." at line 63, column 125.
Was expecting one of:
    "}" ...
    <DOT> ...
    
	at org.apache.velocity.runtime.parser.Parser.generateParseException(Parser.java:3441)
	at org.apache.velocity.runtime.parser.Parser.jj_consume_token(Parser.java:3318)
	at org.apache.velocity.runtime.parser.Parser.Reference(Parser.java:1363)
	at org.apache.velocity.runtime.parser.Parser.Statement(Parser.java:354)
	at org.apache.velocity.runtime.parser.Parser.process(Parser.java:311)
	at org.apache.velocity.runtime.parser.Parser.parse(Parser.java:105)
	at org.apache.velocity.runtime.RuntimeInstance.parse(RuntimeInstance.java:1131)
	at org.apache.velocity.runtime.RuntimeInstance.parse(RuntimeInstance.java:1086)
	at org.apache.velocity.Template.process(Template.java:124)
	at org.apache.velocity.runtime.resource.ResourceManagerImpl.loadResource(ResourceManagerImpl.java:446)
	at org.apache.velocity.runtime.resource.ResourceManagerImpl.getResource(ResourceManagerImpl.java:354)
	at org.apache.velocity.runtime.RuntimeInstance.getTemplate(RuntimeInstance.java:1400)
	at org.apache.velocity.runtime.RuntimeSingleton.getTemplate(RuntimeSingleton.java:326)
	at org.apache.velocity.app.Velocity.getTemplate(Velocity.java:404)
	at org.ganjp.extend.ant.BaseGenCodeTask.setTemplate(BaseGenCodeTask.java:162)
	at org.ganjp.extend.ant.BaseGenCodeTask.execute(BaseGenCodeTask.java:68)
	at sun.reflect.NativeMethodAccessorImpl.invoke0(Native Method)
	at sun.reflect.NativeMethodAccessorImpl.invoke(NativeMethodAccessorImpl.java:57)
	at sun.reflect.DelegatingMethodAccessorImpl.invoke(DelegatingMethodAccessorImpl.java:43)
	at java.lang.reflect.Method.invoke(Method.java:601)
	at org.apache.tools.ant.dispatch.DispatchUtils.execute(DispatchUtils.java:106)
	at org.apache.tools.ant.TaskAdapter.execute(TaskAdapter.java:154)
	at org.apache.tools.ant.UnknownElement.execute(UnknownElement.java:291)
	at sun.reflect.GeneratedMethodAccessor4.invoke(Unknown Source)
	at sun.reflect.DelegatingMethodAccessorImpl.invoke(DelegatingMethodAccessorImpl.java:43)
	at java.lang.reflect.Method.invoke(Method.java:601)
	at org.apache.tools.ant.dispatch.DispatchUtils.execute(DispatchUtils.java:106)
	at org.apache.tools.ant.Task.perform(Task.java:348)
	at org.apache.tools.ant.Target.execute(Target.java:390)
	at org.apache.tools.ant.Target.performTasks(Target.java:411)
	at org.apache.tools.ant.Project.executeSortedTargets(Project.java:1399)
	at org.apache.tools.ant.Project.executeTarget(Project.java:1368)
	at org.apache.tools.ant.helper.DefaultExecutor.executeTargets(DefaultExecutor.java:41)
	at org.eclipse.ant.internal.launching.remote.EclipseDefaultExecutor.executeTargets(EclipseDefaultExecutor.java:32)
	at org.apache.tools.ant.Project.executeTargets(Project.java:1251)
	at org.eclipse.ant.internal.launching.remote.InternalAntRunner.run(InternalAntRunner.java:424)
	at org.eclipse.ant.internal.launching.remote.InternalAntRunner.main(InternalAntRunner.java:138)
2012-03-18 15:13:16,206 - ResourceManager.getResource() parse exception
org.apache.velocity.exception.ParseErrorException: Encountered "." at JspList.vm[line 63, column 125]
Was expecting one of:
    "}" ...
    <DOT> ...
    
	at org.apache.velocity.Template.process(Template.java:141)
	at org.apache.velocity.runtime.resource.ResourceManagerImpl.loadResource(ResourceManagerImpl.java:446)
	at org.apache.velocity.runtime.resource.ResourceManagerImpl.getResource(ResourceManagerImpl.java:354)
	at org.apache.velocity.runtime.RuntimeInstance.getTemplate(RuntimeInstance.java:1400)
	at org.apache.velocity.runtime.RuntimeSingleton.getTemplate(RuntimeSingleton.java:326)
	at org.apache.velocity.app.Velocity.getTemplate(Velocity.java:404)
	at org.ganjp.extend.ant.BaseGenCodeTask.setTemplate(BaseGenCodeTask.java:162)
	at org.ganjp.extend.ant.BaseGenCodeTask.execute(BaseGenCodeTask.java:68)
	at sun.reflect.NativeMethodAccessorImpl.invoke0(Native Method)
	at sun.reflect.NativeMethodAccessorImpl.invoke(NativeMethodAccessorImpl.java:57)
	at sun.reflect.DelegatingMethodAccessorImpl.invoke(DelegatingMethodAccessorImpl.java:43)
	at java.lang.reflect.Method.invoke(Method.java:601)
	at org.apache.tools.ant.dispatch.DispatchUtils.execute(DispatchUtils.java:106)
	at org.apache.tools.ant.TaskAdapter.execute(TaskAdapter.java:154)
	at org.apache.tools.ant.UnknownElement.execute(UnknownElement.java:291)
	at sun.reflect.GeneratedMethodAccessor4.invoke(Unknown Source)
	at sun.reflect.DelegatingMethodAccessorImpl.invoke(DelegatingMethodAccessorImpl.java:43)
	at java.lang.reflect.Method.invoke(Method.java:601)
	at org.apache.tools.ant.dispatch.DispatchUtils.execute(DispatchUtils.java:106)
	at org.apache.tools.ant.Task.perform(Task.java:348)
	at org.apache.tools.ant.Target.execute(Target.java:390)
	at org.apache.tools.ant.Target.performTasks(Target.java:411)
	at org.apache.tools.ant.Project.executeSortedTargets(Project.java:1399)
	at org.apache.tools.ant.Project.executeTarget(Project.java:1368)
	at org.apache.tools.ant.helper.DefaultExecutor.executeTargets(DefaultExecutor.java:41)
	at org.eclipse.ant.internal.launching.remote.EclipseDefaultExecutor.executeTargets(EclipseDefaultExecutor.java:32)
	at org.apache.tools.ant.Project.executeTargets(Project.java:1251)
	at org.eclipse.ant.internal.launching.remote.InternalAntRunner.run(InternalAntRunner.java:424)
	at org.eclipse.ant.internal.launching.remote.InternalAntRunner.main(InternalAntRunner.java:138)
2012-03-18 15:17:50,745 - Parser Exception: JspList.vm
org.apache.velocity.runtime.parser.ParseException: Encountered "." at line 63, column 125.
Was expecting one of:
    "}" ...
    <DOT> ...
    
	at org.apache.velocity.runtime.parser.Parser.generateParseException(Parser.java:3441)
	at org.apache.velocity.runtime.parser.Parser.jj_consume_token(Parser.java:3318)
	at org.apache.velocity.runtime.parser.Parser.Reference(Parser.java:1363)
	at org.apache.velocity.runtime.parser.Parser.Statement(Parser.java:354)
	at org.apache.velocity.runtime.parser.Parser.process(Parser.java:311)
	at org.apache.velocity.runtime.parser.Parser.parse(Parser.java:105)
	at org.apache.velocity.runtime.RuntimeInstance.parse(RuntimeInstance.java:1131)
	at org.apache.velocity.runtime.RuntimeInstance.parse(RuntimeInstance.java:1086)
	at org.apache.velocity.Template.process(Template.java:124)
	at org.apache.velocity.runtime.resource.ResourceManagerImpl.loadResource(ResourceManagerImpl.java:446)
	at org.apache.velocity.runtime.resource.ResourceManagerImpl.getResource(ResourceManagerImpl.java:354)
	at org.apache.velocity.runtime.RuntimeInstance.getTemplate(RuntimeInstance.java:1400)
	at org.apache.velocity.runtime.RuntimeSingleton.getTemplate(RuntimeSingleton.java:326)
	at org.apache.velocity.app.Velocity.getTemplate(Velocity.java:404)
	at org.ganjp.extend.ant.BaseGenCodeTask.setTemplate(BaseGenCodeTask.java:162)
	at org.ganjp.extend.ant.BaseGenCodeTask.execute(BaseGenCodeTask.java:68)
	at sun.reflect.NativeMethodAccessorImpl.invoke0(Native Method)
	at sun.reflect.NativeMethodAccessorImpl.invoke(NativeMethodAccessorImpl.java:57)
	at sun.reflect.DelegatingMethodAccessorImpl.invoke(DelegatingMethodAccessorImpl.java:43)
	at java.lang.reflect.Method.invoke(Method.java:601)
	at org.apache.tools.ant.dispatch.DispatchUtils.execute(DispatchUtils.java:106)
	at org.apache.tools.ant.TaskAdapter.execute(TaskAdapter.java:154)
	at org.apache.tools.ant.UnknownElement.execute(UnknownElement.java:291)
	at sun.reflect.GeneratedMethodAccessor4.invoke(Unknown Source)
	at sun.reflect.DelegatingMethodAccessorImpl.invoke(DelegatingMethodAccessorImpl.java:43)
	at java.lang.reflect.Method.invoke(Method.java:601)
	at org.apache.tools.ant.dispatch.DispatchUtils.execute(DispatchUtils.java:106)
	at org.apache.tools.ant.Task.perform(Task.java:348)
	at org.apache.tools.ant.Target.execute(Target.java:390)
	at org.apache.tools.ant.Target.performTasks(Target.java:411)
	at org.apache.tools.ant.Project.executeSortedTargets(Project.java:1399)
	at org.apache.tools.ant.Project.executeTarget(Project.java:1368)
	at org.apache.tools.ant.helper.DefaultExecutor.executeTargets(DefaultExecutor.java:41)
	at org.eclipse.ant.internal.launching.remote.EclipseDefaultExecutor.executeTargets(EclipseDefaultExecutor.java:32)
	at org.apache.tools.ant.Project.executeTargets(Project.java:1251)
	at org.eclipse.ant.internal.launching.remote.InternalAntRunner.run(InternalAntRunner.java:424)
	at org.eclipse.ant.internal.launching.remote.InternalAntRunner.main(InternalAntRunner.java:138)
2012-03-18 15:17:50,761 - ResourceManager.getResource() parse exception
org.apache.velocity.exception.ParseErrorException: Encountered "." at JspList.vm[line 63, column 125]
Was expecting one of:
    "}" ...
    <DOT> ...
    
	at org.apache.velocity.Template.process(Template.java:141)
	at org.apache.velocity.runtime.resource.ResourceManagerImpl.loadResource(ResourceManagerImpl.java:446)
	at org.apache.velocity.runtime.resource.ResourceManagerImpl.getResource(ResourceManagerImpl.java:354)
	at org.apache.velocity.runtime.RuntimeInstance.getTemplate(RuntimeInstance.java:1400)
	at org.apache.velocity.runtime.RuntimeSingleton.getTemplate(RuntimeSingleton.java:326)
	at org.apache.velocity.app.Velocity.getTemplate(Velocity.java:404)
	at org.ganjp.extend.ant.BaseGenCodeTask.setTemplate(BaseGenCodeTask.java:162)
	at org.ganjp.extend.ant.BaseGenCodeTask.execute(BaseGenCodeTask.java:68)
	at sun.reflect.NativeMethodAccessorImpl.invoke0(Native Method)
	at sun.reflect.NativeMethodAccessorImpl.invoke(NativeMethodAccessorImpl.java:57)
	at sun.reflect.DelegatingMethodAccessorImpl.invoke(DelegatingMethodAccessorImpl.java:43)
	at java.lang.reflect.Method.invoke(Method.java:601)
	at org.apache.tools.ant.dispatch.DispatchUtils.execute(DispatchUtils.java:106)
	at org.apache.tools.ant.TaskAdapter.execute(TaskAdapter.java:154)
	at org.apache.tools.ant.UnknownElement.execute(UnknownElement.java:291)
	at sun.reflect.GeneratedMethodAccessor4.invoke(Unknown Source)
	at sun.reflect.DelegatingMethodAccessorImpl.invoke(DelegatingMethodAccessorImpl.java:43)
	at java.lang.reflect.Method.invoke(Method.java:601)
	at org.apache.tools.ant.dispatch.DispatchUtils.execute(DispatchUtils.java:106)
	at org.apache.tools.ant.Task.perform(Task.java:348)
	at org.apache.tools.ant.Target.execute(Target.java:390)
	at org.apache.tools.ant.Target.performTasks(Target.java:411)
	at org.apache.tools.ant.Project.executeSortedTargets(Project.java:1399)
	at org.apache.tools.ant.Project.executeTarget(Project.java:1368)
	at org.apache.tools.ant.helper.DefaultExecutor.executeTargets(DefaultExecutor.java:41)
	at org.eclipse.ant.internal.launching.remote.EclipseDefaultExecutor.executeTargets(EclipseDefaultExecutor.java:32)
	at org.apache.tools.ant.Project.executeTargets(Project.java:1251)
	at org.eclipse.ant.internal.launching.remote.InternalAntRunner.run(InternalAntRunner.java:424)
	at org.eclipse.ant.internal.launching.remote.InternalAntRunner.main(InternalAntRunner.java:138)
2012-03-18 15:18:16,758 - Parser Exception: JspList.vm
org.apache.velocity.runtime.parser.ParseException: Encountered "." at line 63, column 125.
Was expecting one of:
    "}" ...
    <DOT> ...
    
	at org.apache.velocity.runtime.parser.Parser.generateParseException(Parser.java:3441)
	at org.apache.velocity.runtime.parser.Parser.jj_consume_token(Parser.java:3318)
	at org.apache.velocity.runtime.parser.Parser.Reference(Parser.java:1363)
	at org.apache.velocity.runtime.parser.Parser.Statement(Parser.java:354)
	at org.apache.velocity.runtime.parser.Parser.process(Parser.java:311)
	at org.apache.velocity.runtime.parser.Parser.parse(Parser.java:105)
	at org.apache.velocity.runtime.RuntimeInstance.parse(RuntimeInstance.java:1131)
	at org.apache.velocity.runtime.RuntimeInstance.parse(RuntimeInstance.java:1086)
	at org.apache.velocity.Template.process(Template.java:124)
	at org.apache.velocity.runtime.resource.ResourceManagerImpl.loadResource(ResourceManagerImpl.java:446)
	at org.apache.velocity.runtime.resource.ResourceManagerImpl.getResource(ResourceManagerImpl.java:354)
	at org.apache.velocity.runtime.RuntimeInstance.getTemplate(RuntimeInstance.java:1400)
	at org.apache.velocity.runtime.RuntimeSingleton.getTemplate(RuntimeSingleton.java:326)
	at org.apache.velocity.app.Velocity.getTemplate(Velocity.java:404)
	at org.ganjp.extend.ant.BaseGenCodeTask.setTemplate(BaseGenCodeTask.java:162)
	at org.ganjp.extend.ant.BaseGenCodeTask.execute(BaseGenCodeTask.java:68)
	at sun.reflect.NativeMethodAccessorImpl.invoke0(Native Method)
	at sun.reflect.NativeMethodAccessorImpl.invoke(NativeMethodAccessorImpl.java:57)
	at sun.reflect.DelegatingMethodAccessorImpl.invoke(DelegatingMethodAccessorImpl.java:43)
	at java.lang.reflect.Method.invoke(Method.java:601)
	at org.apache.tools.ant.dispatch.DispatchUtils.execute(DispatchUtils.java:106)
	at org.apache.tools.ant.TaskAdapter.execute(TaskAdapter.java:154)
	at org.apache.tools.ant.UnknownElement.execute(UnknownElement.java:291)
	at sun.reflect.GeneratedMethodAccessor4.invoke(Unknown Source)
	at sun.reflect.DelegatingMethodAccessorImpl.invoke(DelegatingMethodAccessorImpl.java:43)
	at java.lang.reflect.Method.invoke(Method.java:601)
	at org.apache.tools.ant.dispatch.DispatchUtils.execute(DispatchUtils.java:106)
	at org.apache.tools.ant.Task.perform(Task.java:348)
	at org.apache.tools.ant.Target.execute(Target.java:390)
	at org.apache.tools.ant.Target.performTasks(Target.java:411)
	at org.apache.tools.ant.Project.executeSortedTargets(Project.java:1399)
	at org.apache.tools.ant.Project.executeTarget(Project.java:1368)
	at org.apache.tools.ant.helper.DefaultExecutor.executeTargets(DefaultExecutor.java:41)
	at org.eclipse.ant.internal.launching.remote.EclipseDefaultExecutor.executeTargets(EclipseDefaultExecutor.java:32)
	at org.apache.tools.ant.Project.executeTargets(Project.java:1251)
	at org.eclipse.ant.internal.launching.remote.InternalAntRunner.run(InternalAntRunner.java:424)
	at org.eclipse.ant.internal.launching.remote.InternalAntRunner.main(InternalAntRunner.java:138)
2012-03-18 15:18:16,758 - ResourceManager.getResource() parse exception
org.apache.velocity.exception.ParseErrorException: Encountered "." at JspList.vm[line 63, column 125]
Was expecting one of:
    "}" ...
    <DOT> ...
    
	at org.apache.velocity.Template.process(Template.java:141)
	at org.apache.velocity.runtime.resource.ResourceManagerImpl.loadResource(ResourceManagerImpl.java:446)
	at org.apache.velocity.runtime.resource.ResourceManagerImpl.getResource(ResourceManagerImpl.java:354)
	at org.apache.velocity.runtime.RuntimeInstance.getTemplate(RuntimeInstance.java:1400)
	at org.apache.velocity.runtime.RuntimeSingleton.getTemplate(RuntimeSingleton.java:326)
	at org.apache.velocity.app.Velocity.getTemplate(Velocity.java:404)
	at org.ganjp.extend.ant.BaseGenCodeTask.setTemplate(BaseGenCodeTask.java:162)
	at org.ganjp.extend.ant.BaseGenCodeTask.execute(BaseGenCodeTask.java:68)
	at sun.reflect.NativeMethodAccessorImpl.invoke0(Native Method)
	at sun.reflect.NativeMethodAccessorImpl.invoke(NativeMethodAccessorImpl.java:57)
	at sun.reflect.DelegatingMethodAccessorImpl.invoke(DelegatingMethodAccessorImpl.java:43)
	at java.lang.reflect.Method.invoke(Method.java:601)
	at org.apache.tools.ant.dispatch.DispatchUtils.execute(DispatchUtils.java:106)
	at org.apache.tools.ant.TaskAdapter.execute(TaskAdapter.java:154)
	at org.apache.tools.ant.UnknownElement.execute(UnknownElement.java:291)
	at sun.reflect.GeneratedMethodAccessor4.invoke(Unknown Source)
	at sun.reflect.DelegatingMethodAccessorImpl.invoke(DelegatingMethodAccessorImpl.java:43)
	at java.lang.reflect.Method.invoke(Method.java:601)
	at org.apache.tools.ant.dispatch.DispatchUtils.execute(DispatchUtils.java:106)
	at org.apache.tools.ant.Task.perform(Task.java:348)
	at org.apache.tools.ant.Target.execute(Target.java:390)
	at org.apache.tools.ant.Target.performTasks(Target.java:411)
	at org.apache.tools.ant.Project.executeSortedTargets(Project.java:1399)
	at org.apache.tools.ant.Project.executeTarget(Project.java:1368)
	at org.apache.tools.ant.helper.DefaultExecutor.executeTargets(DefaultExecutor.java:41)
	at org.eclipse.ant.internal.launching.remote.EclipseDefaultExecutor.executeTargets(EclipseDefaultExecutor.java:32)
	at org.apache.tools.ant.Project.executeTargets(Project.java:1251)
	at org.eclipse.ant.internal.launching.remote.InternalAntRunner.run(InternalAntRunner.java:424)
	at org.eclipse.ant.internal.launching.remote.InternalAntRunner.main(InternalAntRunner.java:138)
2012-03-18 15:19:36,984 - Parser Exception: JspList.vm
org.apache.velocity.runtime.parser.ParseException: Encountered "." at line 47, column 125.
Was expecting one of:
    "}" ...
    <DOT> ...
    
	at org.apache.velocity.runtime.parser.Parser.generateParseException(Parser.java:3441)
	at org.apache.velocity.runtime.parser.Parser.jj_consume_token(Parser.java:3318)
	at org.apache.velocity.runtime.parser.Parser.Reference(Parser.java:1363)
	at org.apache.velocity.runtime.parser.Parser.Statement(Parser.java:354)
	at org.apache.velocity.runtime.parser.Parser.process(Parser.java:311)
	at org.apache.velocity.runtime.parser.Parser.parse(Parser.java:105)
	at org.apache.velocity.runtime.RuntimeInstance.parse(RuntimeInstance.java:1131)
	at org.apache.velocity.runtime.RuntimeInstance.parse(RuntimeInstance.java:1086)
	at org.apache.velocity.Template.process(Template.java:124)
	at org.apache.velocity.runtime.resource.ResourceManagerImpl.loadResource(ResourceManagerImpl.java:446)
	at org.apache.velocity.runtime.resource.ResourceManagerImpl.getResource(ResourceManagerImpl.java:354)
	at org.apache.velocity.runtime.RuntimeInstance.getTemplate(RuntimeInstance.java:1400)
	at org.apache.velocity.runtime.RuntimeSingleton.getTemplate(RuntimeSingleton.java:326)
	at org.apache.velocity.app.Velocity.getTemplate(Velocity.java:404)
	at org.ganjp.extend.ant.BaseGenCodeTask.setTemplate(BaseGenCodeTask.java:162)
	at org.ganjp.extend.ant.BaseGenCodeTask.execute(BaseGenCodeTask.java:68)
	at sun.reflect.NativeMethodAccessorImpl.invoke0(Native Method)
	at sun.reflect.NativeMethodAccessorImpl.invoke(NativeMethodAccessorImpl.java:57)
	at sun.reflect.DelegatingMethodAccessorImpl.invoke(DelegatingMethodAccessorImpl.java:43)
	at java.lang.reflect.Method.invoke(Method.java:601)
	at org.apache.tools.ant.dispatch.DispatchUtils.execute(DispatchUtils.java:106)
	at org.apache.tools.ant.TaskAdapter.execute(TaskAdapter.java:154)
	at org.apache.tools.ant.UnknownElement.execute(UnknownElement.java:291)
	at sun.reflect.GeneratedMethodAccessor4.invoke(Unknown Source)
	at sun.reflect.DelegatingMethodAccessorImpl.invoke(DelegatingMethodAccessorImpl.java:43)
	at java.lang.reflect.Method.invoke(Method.java:601)
	at org.apache.tools.ant.dispatch.DispatchUtils.execute(DispatchUtils.java:106)
	at org.apache.tools.ant.Task.perform(Task.java:348)
	at org.apache.tools.ant.Target.execute(Target.java:390)
	at org.apache.tools.ant.Target.performTasks(Target.java:411)
	at org.apache.tools.ant.Project.executeSortedTargets(Project.java:1399)
	at org.apache.tools.ant.Project.executeTarget(Project.java:1368)
	at org.apache.tools.ant.helper.DefaultExecutor.executeTargets(DefaultExecutor.java:41)
	at org.eclipse.ant.internal.launching.remote.EclipseDefaultExecutor.executeTargets(EclipseDefaultExecutor.java:32)
	at org.apache.tools.ant.Project.executeTargets(Project.java:1251)
	at org.eclipse.ant.internal.launching.remote.InternalAntRunner.run(InternalAntRunner.java:424)
	at org.eclipse.ant.internal.launching.remote.InternalAntRunner.main(InternalAntRunner.java:138)
2012-03-18 15:19:36,984 - ResourceManager.getResource() parse exception
org.apache.velocity.exception.ParseErrorException: Encountered "." at JspList.vm[line 47, column 125]
Was expecting one of:
    "}" ...
    <DOT> ...
    
	at org.apache.velocity.Template.process(Template.java:141)
	at org.apache.velocity.runtime.resource.ResourceManagerImpl.loadResource(ResourceManagerImpl.java:446)
	at org.apache.velocity.runtime.resource.ResourceManagerImpl.getResource(ResourceManagerImpl.java:354)
	at org.apache.velocity.runtime.RuntimeInstance.getTemplate(RuntimeInstance.java:1400)
	at org.apache.velocity.runtime.RuntimeSingleton.getTemplate(RuntimeSingleton.java:326)
	at org.apache.velocity.app.Velocity.getTemplate(Velocity.java:404)
	at org.ganjp.extend.ant.BaseGenCodeTask.setTemplate(BaseGenCodeTask.java:162)
	at org.ganjp.extend.ant.BaseGenCodeTask.execute(BaseGenCodeTask.java:68)
	at sun.reflect.NativeMethodAccessorImpl.invoke0(Native Method)
	at sun.reflect.NativeMethodAccessorImpl.invoke(NativeMethodAccessorImpl.java:57)
	at sun.reflect.DelegatingMethodAccessorImpl.invoke(DelegatingMethodAccessorImpl.java:43)
	at java.lang.reflect.Method.invoke(Method.java:601)
	at org.apache.tools.ant.dispatch.DispatchUtils.execute(DispatchUtils.java:106)
	at org.apache.tools.ant.TaskAdapter.execute(TaskAdapter.java:154)
	at org.apache.tools.ant.UnknownElement.execute(UnknownElement.java:291)
	at sun.reflect.GeneratedMethodAccessor4.invoke(Unknown Source)
	at sun.reflect.DelegatingMethodAccessorImpl.invoke(DelegatingMethodAccessorImpl.java:43)
	at java.lang.reflect.Method.invoke(Method.java:601)
	at org.apache.tools.ant.dispatch.DispatchUtils.execute(DispatchUtils.java:106)
	at org.apache.tools.ant.Task.perform(Task.java:348)
	at org.apache.tools.ant.Target.execute(Target.java:390)
	at org.apache.tools.ant.Target.performTasks(Target.java:411)
	at org.apache.tools.ant.Project.executeSortedTargets(Project.java:1399)
	at org.apache.tools.ant.Project.executeTarget(Project.java:1368)
	at org.apache.tools.ant.helper.DefaultExecutor.executeTargets(DefaultExecutor.java:41)
	at org.eclipse.ant.internal.launching.remote.EclipseDefaultExecutor.executeTargets(EclipseDefaultExecutor.java:32)
	at org.apache.tools.ant.Project.executeTargets(Project.java:1251)
	at org.eclipse.ant.internal.launching.remote.InternalAntRunner.run(InternalAntRunner.java:424)
	at org.eclipse.ant.internal.launching.remote.InternalAntRunner.main(InternalAntRunner.java:138)
2012-03-18 15:20:28,182 - Parser Exception: JspList.vm
org.apache.velocity.runtime.parser.ParseException: Encountered "." at line 63, column 125.
Was expecting one of:
    "}" ...
    <DOT> ...
    
	at org.apache.velocity.runtime.parser.Parser.generateParseException(Parser.java:3441)
	at org.apache.velocity.runtime.parser.Parser.jj_consume_token(Parser.java:3318)
	at org.apache.velocity.runtime.parser.Parser.Reference(Parser.java:1363)
	at org.apache.velocity.runtime.parser.Parser.Statement(Parser.java:354)
	at org.apache.velocity.runtime.parser.Parser.process(Parser.java:311)
	at org.apache.velocity.runtime.parser.Parser.parse(Parser.java:105)
	at org.apache.velocity.runtime.RuntimeInstance.parse(RuntimeInstance.java:1131)
	at org.apache.velocity.runtime.RuntimeInstance.parse(RuntimeInstance.java:1086)
	at org.apache.velocity.Template.process(Template.java:124)
	at org.apache.velocity.runtime.resource.ResourceManagerImpl.loadResource(ResourceManagerImpl.java:446)
	at org.apache.velocity.runtime.resource.ResourceManagerImpl.getResource(ResourceManagerImpl.java:354)
	at org.apache.velocity.runtime.RuntimeInstance.getTemplate(RuntimeInstance.java:1400)
	at org.apache.velocity.runtime.RuntimeSingleton.getTemplate(RuntimeSingleton.java:326)
	at org.apache.velocity.app.Velocity.getTemplate(Velocity.java:404)
	at org.ganjp.extend.ant.BaseGenCodeTask.setTemplate(BaseGenCodeTask.java:162)
	at org.ganjp.extend.ant.BaseGenCodeTask.execute(BaseGenCodeTask.java:68)
	at sun.reflect.NativeMethodAccessorImpl.invoke0(Native Method)
	at sun.reflect.NativeMethodAccessorImpl.invoke(NativeMethodAccessorImpl.java:57)
	at sun.reflect.DelegatingMethodAccessorImpl.invoke(DelegatingMethodAccessorImpl.java:43)
	at java.lang.reflect.Method.invoke(Method.java:601)
	at org.apache.tools.ant.dispatch.DispatchUtils.execute(DispatchUtils.java:106)
	at org.apache.tools.ant.TaskAdapter.execute(TaskAdapter.java:154)
	at org.apache.tools.ant.UnknownElement.execute(UnknownElement.java:291)
	at sun.reflect.GeneratedMethodAccessor4.invoke(Unknown Source)
	at sun.reflect.DelegatingMethodAccessorImpl.invoke(DelegatingMethodAccessorImpl.java:43)
	at java.lang.reflect.Method.invoke(Method.java:601)
	at org.apache.tools.ant.dispatch.DispatchUtils.execute(DispatchUtils.java:106)
	at org.apache.tools.ant.Task.perform(Task.java:348)
	at org.apache.tools.ant.Target.execute(Target.java:390)
	at org.apache.tools.ant.Target.performTasks(Target.java:411)
	at org.apache.tools.ant.Project.executeSortedTargets(Project.java:1399)
	at org.apache.tools.ant.Project.executeTarget(Project.java:1368)
	at org.apache.tools.ant.helper.DefaultExecutor.executeTargets(DefaultExecutor.java:41)
	at org.eclipse.ant.internal.launching.remote.EclipseDefaultExecutor.executeTargets(EclipseDefaultExecutor.java:32)
	at org.apache.tools.ant.Project.executeTargets(Project.java:1251)
	at org.eclipse.ant.internal.launching.remote.InternalAntRunner.run(InternalAntRunner.java:424)
	at org.eclipse.ant.internal.launching.remote.InternalAntRunner.main(InternalAntRunner.java:138)
2012-03-18 15:20:28,182 - ResourceManager.getResource() parse exception
org.apache.velocity.exception.ParseErrorException: Encountered "." at JspList.vm[line 63, column 125]
Was expecting one of:
    "}" ...
    <DOT> ...
    
	at org.apache.velocity.Template.process(Template.java:141)
	at org.apache.velocity.runtime.resource.ResourceManagerImpl.loadResource(ResourceManagerImpl.java:446)
	at org.apache.velocity.runtime.resource.ResourceManagerImpl.getResource(ResourceManagerImpl.java:354)
	at org.apache.velocity.runtime.RuntimeInstance.getTemplate(RuntimeInstance.java:1400)
	at org.apache.velocity.runtime.RuntimeSingleton.getTemplate(RuntimeSingleton.java:326)
	at org.apache.velocity.app.Velocity.getTemplate(Velocity.java:404)
	at org.ganjp.extend.ant.BaseGenCodeTask.setTemplate(BaseGenCodeTask.java:162)
	at org.ganjp.extend.ant.BaseGenCodeTask.execute(BaseGenCodeTask.java:68)
	at sun.reflect.NativeMethodAccessorImpl.invoke0(Native Method)
	at sun.reflect.NativeMethodAccessorImpl.invoke(NativeMethodAccessorImpl.java:57)
	at sun.reflect.DelegatingMethodAccessorImpl.invoke(DelegatingMethodAccessorImpl.java:43)
	at java.lang.reflect.Method.invoke(Method.java:601)
	at org.apache.tools.ant.dispatch.DispatchUtils.execute(DispatchUtils.java:106)
	at org.apache.tools.ant.TaskAdapter.execute(TaskAdapter.java:154)
	at org.apache.tools.ant.UnknownElement.execute(UnknownElement.java:291)
	at sun.reflect.GeneratedMethodAccessor4.invoke(Unknown Source)
	at sun.reflect.DelegatingMethodAccessorImpl.invoke(DelegatingMethodAccessorImpl.java:43)
	at java.lang.reflect.Method.invoke(Method.java:601)
	at org.apache.tools.ant.dispatch.DispatchUtils.execute(DispatchUtils.java:106)
	at org.apache.tools.ant.Task.perform(Task.java:348)
	at org.apache.tools.ant.Target.execute(Target.java:390)
	at org.apache.tools.ant.Target.performTasks(Target.java:411)
	at org.apache.tools.ant.Project.executeSortedTargets(Project.java:1399)
	at org.apache.tools.ant.Project.executeTarget(Project.java:1368)
	at org.apache.tools.ant.helper.DefaultExecutor.executeTargets(DefaultExecutor.java:41)
	at org.eclipse.ant.internal.launching.remote.EclipseDefaultExecutor.executeTargets(EclipseDefaultExecutor.java:32)
	at org.apache.tools.ant.Project.executeTargets(Project.java:1251)
	at org.eclipse.ant.internal.launching.remote.InternalAntRunner.run(InternalAntRunner.java:424)
	at org.eclipse.ant.internal.launching.remote.InternalAntRunner.main(InternalAntRunner.java:138)
2012-03-18 15:21:33,582 - Parser Exception: JspList.vm
org.apache.velocity.runtime.parser.ParseException: Encountered "." at line 63, column 125.
Was expecting one of:
    "}" ...
    <DOT> ...
    
	at org.apache.velocity.runtime.parser.Parser.generateParseException(Parser.java:3441)
	at org.apache.velocity.runtime.parser.Parser.jj_consume_token(Parser.java:3318)
	at org.apache.velocity.runtime.parser.Parser.Reference(Parser.java:1363)
	at org.apache.velocity.runtime.parser.Parser.Statement(Parser.java:354)
	at org.apache.velocity.runtime.parser.Parser.process(Parser.java:311)
	at org.apache.velocity.runtime.parser.Parser.parse(Parser.java:105)
	at org.apache.velocity.runtime.RuntimeInstance.parse(RuntimeInstance.java:1131)
	at org.apache.velocity.runtime.RuntimeInstance.parse(RuntimeInstance.java:1086)
	at org.apache.velocity.Template.process(Template.java:124)
	at org.apache.velocity.runtime.resource.ResourceManagerImpl.loadResource(ResourceManagerImpl.java:446)
	at org.apache.velocity.runtime.resource.ResourceManagerImpl.getResource(ResourceManagerImpl.java:354)
	at org.apache.velocity.runtime.RuntimeInstance.getTemplate(RuntimeInstance.java:1400)
	at org.apache.velocity.runtime.RuntimeSingleton.getTemplate(RuntimeSingleton.java:326)
	at org.apache.velocity.app.Velocity.getTemplate(Velocity.java:404)
	at org.ganjp.extend.ant.BaseGenCodeTask.setTemplate(BaseGenCodeTask.java:162)
	at org.ganjp.extend.ant.BaseGenCodeTask.execute(BaseGenCodeTask.java:68)
	at sun.reflect.NativeMethodAccessorImpl.invoke0(Native Method)
	at sun.reflect.NativeMethodAccessorImpl.invoke(NativeMethodAccessorImpl.java:57)
	at sun.reflect.DelegatingMethodAccessorImpl.invoke(DelegatingMethodAccessorImpl.java:43)
	at java.lang.reflect.Method.invoke(Method.java:601)
	at org.apache.tools.ant.dispatch.DispatchUtils.execute(DispatchUtils.java:106)
	at org.apache.tools.ant.TaskAdapter.execute(TaskAdapter.java:154)
	at org.apache.tools.ant.UnknownElement.execute(UnknownElement.java:291)
	at sun.reflect.GeneratedMethodAccessor4.invoke(Unknown Source)
	at sun.reflect.DelegatingMethodAccessorImpl.invoke(DelegatingMethodAccessorImpl.java:43)
	at java.lang.reflect.Method.invoke(Method.java:601)
	at org.apache.tools.ant.dispatch.DispatchUtils.execute(DispatchUtils.java:106)
	at org.apache.tools.ant.Task.perform(Task.java:348)
	at org.apache.tools.ant.Target.execute(Target.java:390)
	at org.apache.tools.ant.Target.performTasks(Target.java:411)
	at org.apache.tools.ant.Project.executeSortedTargets(Project.java:1399)
	at org.apache.tools.ant.Project.executeTarget(Project.java:1368)
	at org.apache.tools.ant.helper.DefaultExecutor.executeTargets(DefaultExecutor.java:41)
	at org.eclipse.ant.internal.launching.remote.EclipseDefaultExecutor.executeTargets(EclipseDefaultExecutor.java:32)
	at org.apache.tools.ant.Project.executeTargets(Project.java:1251)
	at org.eclipse.ant.internal.launching.remote.InternalAntRunner.run(InternalAntRunner.java:424)
	at org.eclipse.ant.internal.launching.remote.InternalAntRunner.main(InternalAntRunner.java:138)
2012-03-18 15:21:33,582 - ResourceManager.getResource() parse exception
org.apache.velocity.exception.ParseErrorException: Encountered "." at JspList.vm[line 63, column 125]
Was expecting one of:
    "}" ...
    <DOT> ...
    
	at org.apache.velocity.Template.process(Template.java:141)
	at org.apache.velocity.runtime.resource.ResourceManagerImpl.loadResource(ResourceManagerImpl.java:446)
	at org.apache.velocity.runtime.resource.ResourceManagerImpl.getResource(ResourceManagerImpl.java:354)
	at org.apache.velocity.runtime.RuntimeInstance.getTemplate(RuntimeInstance.java:1400)
	at org.apache.velocity.runtime.RuntimeSingleton.getTemplate(RuntimeSingleton.java:326)
	at org.apache.velocity.app.Velocity.getTemplate(Velocity.java:404)
	at org.ganjp.extend.ant.BaseGenCodeTask.setTemplate(BaseGenCodeTask.java:162)
	at org.ganjp.extend.ant.BaseGenCodeTask.execute(BaseGenCodeTask.java:68)
	at sun.reflect.NativeMethodAccessorImpl.invoke0(Native Method)
	at sun.reflect.NativeMethodAccessorImpl.invoke(NativeMethodAccessorImpl.java:57)
	at sun.reflect.DelegatingMethodAccessorImpl.invoke(DelegatingMethodAccessorImpl.java:43)
	at java.lang.reflect.Method.invoke(Method.java:601)
	at org.apache.tools.ant.dispatch.DispatchUtils.execute(DispatchUtils.java:106)
	at org.apache.tools.ant.TaskAdapter.execute(TaskAdapter.java:154)
	at org.apache.tools.ant.UnknownElement.execute(UnknownElement.java:291)
	at sun.reflect.GeneratedMethodAccessor4.invoke(Unknown Source)
	at sun.reflect.DelegatingMethodAccessorImpl.invoke(DelegatingMethodAccessorImpl.java:43)
	at java.lang.reflect.Method.invoke(Method.java:601)
	at org.apache.tools.ant.dispatch.DispatchUtils.execute(DispatchUtils.java:106)
	at org.apache.tools.ant.Task.perform(Task.java:348)
	at org.apache.tools.ant.Target.execute(Target.java:390)
	at org.apache.tools.ant.Target.performTasks(Target.java:411)
	at org.apache.tools.ant.Project.executeSortedTargets(Project.java:1399)
	at org.apache.tools.ant.Project.executeTarget(Project.java:1368)
	at org.apache.tools.ant.helper.DefaultExecutor.executeTargets(DefaultExecutor.java:41)
	at org.eclipse.ant.internal.launching.remote.EclipseDefaultExecutor.executeTargets(EclipseDefaultExecutor.java:32)
	at org.apache.tools.ant.Project.executeTargets(Project.java:1251)
	at org.eclipse.ant.internal.launching.remote.InternalAntRunner.run(InternalAntRunner.java:424)
	at org.eclipse.ant.internal.launching.remote.InternalAntRunner.main(InternalAntRunner.java:138)
2012-03-19 10:12:56,020 - KindFileResourceLoader : file loader failed to load: VM_global_library.vm
2012-03-19 10:12:56,020 - KindFileResourceLoader : classpath loader failed to load: VM_global_library.vm
2012-03-19 10:12:56,020 - KindFileResourceLoader : file loader failed to load: VM_global_library.vm
2012-03-19 10:12:56,020 - KindFileResourceLoader : classpath loader failed to load: VM_global_library.vm
2012-03-19 10:20:48,761 - KindFileResourceLoader : file loader failed to load: VM_global_library.vm
2012-03-19 10:20:48,777 - KindFileResourceLoader : classpath loader failed to load: VM_global_library.vm
2012-03-19 10:20:48,777 - KindFileResourceLoader : file loader failed to load: VM_global_library.vm
2012-03-19 10:20:48,777 - KindFileResourceLoader : classpath loader failed to load: VM_global_library.vm
2012-03-19 10:22:37,061 - KindFileResourceLoader : file loader failed to load: VM_global_library.vm
2012-03-19 10:22:37,061 - KindFileResourceLoader : classpath loader failed to load: VM_global_library.vm
2012-03-19 10:22:37,061 - KindFileResourceLoader : file loader failed to load: VM_global_library.vm
2012-03-19 10:22:37,061 - KindFileResourceLoader : classpath loader failed to load: VM_global_library.vm
2012-03-26 10:40:29,061 - KindFileResourceLoader : file loader failed to load: VM_global_library.vm
2012-03-26 10:40:29,061 - KindFileResourceLoader : classpath loader failed to load: VM_global_library.vm
2012-03-26 10:40:29,061 - KindFileResourceLoader : file loader failed to load: VM_global_library.vm
2012-03-26 10:40:29,061 - KindFileResourceLoader : classpath loader failed to load: VM_global_library.vm
2012-03-26 10:40:42,639 - KindFileResourceLoader : file loader failed to load: VM_global_library.vm
2012-03-26 10:40:42,639 - KindFileResourceLoader : classpath loader failed to load: VM_global_library.vm
2012-03-26 10:40:42,639 - KindFileResourceLoader : file loader failed to load: VM_global_library.vm
2012-03-26 10:40:42,639 - KindFileResourceLoader : classpath loader failed to load: VM_global_library.vm
2012-03-26 10:40:56,561 - KindFileResourceLoader : file loader failed to load: VM_global_library.vm
2012-03-26 10:40:56,561 - KindFileResourceLoader : classpath loader failed to load: VM_global_library.vm
2012-03-26 10:40:56,561 - KindFileResourceLoader : file loader failed to load: VM_global_library.vm
2012-03-26 10:40:56,561 - KindFileResourceLoader : classpath loader failed to load: VM_global_library.vm
2012-03-26 10:41:17,748 - KindFileResourceLoader : file loader failed to load: VM_global_library.vm
2012-03-26 10:41:17,748 - KindFileResourceLoader : classpath loader failed to load: VM_global_library.vm
2012-03-26 10:41:17,748 - KindFileResourceLoader : file loader failed to load: VM_global_library.vm
2012-03-26 10:41:17,748 - KindFileResourceLoader : classpath loader failed to load: VM_global_library.vm
2012-03-26 10:46:57,433 - KindFileResourceLoader : file loader failed to load: VM_global_library.vm
2012-03-26 10:46:57,433 - KindFileResourceLoader : classpath loader failed to load: VM_global_library.vm
2012-03-26 10:46:57,433 - KindFileResourceLoader : file loader failed to load: VM_global_library.vm
2012-03-26 10:46:57,433 - KindFileResourceLoader : classpath loader failed to load: VM_global_library.vm
2012-03-30 08:44:16,441 - KindFileResourceLoader : file loader failed to load: VM_global_library.vm
2012-03-30 08:44:16,441 - KindFileResourceLoader : classpath loader failed to load: VM_global_library.vm
2012-03-30 08:44:16,441 - KindFileResourceLoader : file loader failed to load: VM_global_library.vm
2012-03-30 08:44:16,441 - KindFileResourceLoader : classpath loader failed to load: VM_global_library.vm
2012-03-30 09:10:22,622 - KindFileResourceLoader : file loader failed to load: VM_global_library.vm
2012-03-30 09:10:22,622 - KindFileResourceLoader : classpath loader failed to load: VM_global_library.vm
2012-03-30 09:10:22,622 - KindFileResourceLoader : file loader failed to load: VM_global_library.vm
2012-03-30 09:10:22,622 - KindFileResourceLoader : classpath loader failed to load: VM_global_library.vm
2012-05-11 23:55:40,972 - KindFileResourceLoader : file loader failed to load: VM_global_library.vm
2012-05-11 23:55:40,987 - KindFileResourceLoader : classpath loader failed to load: VM_global_library.vm
2012-05-11 23:55:40,987 - KindFileResourceLoader : file loader failed to load: VM_global_library.vm
2012-05-11 23:55:40,987 - KindFileResourceLoader : classpath loader failed to load: VM_global_library.vm
2012-05-12 14:07:49,222 - KindFileResourceLoader : file loader failed to load: VM_global_library.vm
2012-05-12 14:07:49,253 - KindFileResourceLoader : classpath loader failed to load: VM_global_library.vm
2012-05-12 14:07:49,253 - KindFileResourceLoader : file loader failed to load: VM_global_library.vm
2012-05-12 14:07:49,253 - KindFileResourceLoader : classpath loader failed to load: VM_global_library.vm
